#
# There is insufficient memory for the Java Runtime Environment to continue.
# Native memory allocation (malloc) failed to allocate 535856 bytes for Chunk::new
# Possible reasons:
#   The system is out of physical RAM or swap space
#   The process is running with CompressedOops enabled, and the Java Heap may be blocking the growth of the native heap
# Possible solutions:
#   Reduce memory load on the system
#   Increase physical memory or swap space
#   Check if swap backing store is full
#   Decrease Java heap size (-Xmx/-Xms)
#   Decrease number of Java threads
#   Decrease Java thread stack sizes (-Xss)
#   Set larger code cache with -XX:ReservedCodeCacheSize=
#   JVM is running with Unscaled Compressed Oops mode in which the Java heap is
#     placed in the first 4GB address space. The Java Heap base address is the
#     maximum limit for the native heap growth. Please use -XX:HeapBaseMinAddress
#     to set the Java Heap base and to place the Java Heap above 4GB virtual address.
# This output file may be truncated or incomplete.
#
#  Out of Memory Error (allocation.cpp:389), pid=7536, tid=0x00000000000023b4
#
# JRE version: OpenJDK Runtime Environment (8.0_242-b01) (build 1.8.0_242-release-1644-b01)
# Java VM: OpenJDK 64-Bit Server VM (25.242-b01 mixed mode windows-amd64 compressed oops)
# Failed to write core dump. Minidumps are not enabled by default on client versions of Windows
#

---------------  T H R E A D  ---------------

Current thread (0x000000001960b800):  JavaThread "C2 CompilerThread2" daemon [_thread_in_native, id=9140, stack(0x000000001a0e0000,0x000000001a1e0000)]

Stack: [0x000000001a0e0000,0x000000001a1e0000]
[error occurred during error reporting (printing stack bounds), id 0xc0000005]

Native frames: (J=compiled Java code, j=interpreted, Vv=VM code, C=native code)


Current CompileTask:
C2: 673745 20549   !   4       org.gradle.api.internal.attributes.DefaultImmutableAttributesFactory::doConcatIsolatable (128 bytes)


---------------  P R O C E S S  ---------------

Java Threads: ( => current thread )
  0x000000002bdda800 JavaThread "stdout" [_thread_in_vm, id=8828, stack(0x000000002e1b0000,0x000000002e2b0000)]
  0x000000002bdd8000 JavaThread "stderr" [_thread_blocked, id=12156, stack(0x000000002e0b0000,0x000000002e1b0000)]
  0x000000002bdd3800 JavaThread "pool-8-thread-1" [_thread_blocked, id=8352, stack(0x000000002dfb0000,0x000000002e0b0000)]
  0x000000002bdd7000 JavaThread "WorkerExecutor Queue Thread 2" [_thread_blocked, id=10752, stack(0x000000002deb0000,0x000000002dfb0000)]
  0x000000002bdd6800 JavaThread "WorkerExecutor Queue" [_thread_blocked, id=15100, stack(0x000000002ddb0000,0x000000002deb0000)]
  0x000000002bdd8800 JavaThread "Cache worker for execution history cache (C:\Users\f\AndroidStudioProjects\MyApplication\.gradle\6.5\executionHistory)" [_thread_blocked, id=132, stack(0x000000002dcb0000,0x000000002ddb0000)]
  0x000000002bdd5800 JavaThread "Execution worker for ':' Thread 7" [_thread_blocked, id=6424, stack(0x000000002d790000,0x000000002d890000)]
  0x000000002bdd5000 JavaThread "Execution worker for ':' Thread 6" [_thread_blocked, id=832, stack(0x000000002d690000,0x000000002d790000)]
  0x000000002bdce000 JavaThread "Execution worker for ':' Thread 5" [_thread_blocked, id=4292, stack(0x000000002d590000,0x000000002d690000)]
  0x000000002bdcf800 JavaThread "Execution worker for ':' Thread 4" [_thread_blocked, id=13236, stack(0x000000002d490000,0x000000002d590000)]
  0x000000002bdd1000 JavaThread "Execution worker for ':' Thread 3" [_thread_blocked, id=5008, stack(0x000000002d390000,0x000000002d490000)]
  0x000000002bdcf000 JavaThread "Execution worker for ':' Thread 2" [_thread_blocked, id=8604, stack(0x000000002d290000,0x000000002d390000)]
  0x000000002bdd0800 JavaThread "Execution worker for ':'" [_thread_blocked, id=2980, stack(0x000000002cf60000,0x000000002d060000)]
  0x000000002bdd2000 JavaThread "Cache worker for file content cache (C:\Users\f\AndroidStudioProjects\MyApplication\.gradle\6.5\fileContent)" [_thread_blocked, id=14300, stack(0x000000002ce60000,0x000000002cf60000)]
  0x00000000315b6000 JavaThread "Cache worker for Build Output Cleanup Cache (C:\Users\f\AndroidStudioProjects\MyApplication\.gradle\buildOutputCleanup)" [_thread_blocked, id=732, stack(0x000000002a0f0000,0x000000002a1f0000)]
  0x00000000315b5800 JavaThread "Build operations Thread 8" [_thread_blocked, id=14832, stack(0x0000000029b50000,0x0000000029c50000)]
  0x00000000315b7800 JavaThread "Build operations Thread 7" [_thread_blocked, id=12556, stack(0x0000000029640000,0x0000000029740000)]
  0x00000000315b4000 JavaThread "Build operations Thread 6" [_thread_blocked, id=7976, stack(0x0000000023740000,0x0000000023840000)]
  0x00000000315b3000 JavaThread "Build operations Thread 5" [_thread_blocked, id=7368, stack(0x0000000023640000,0x0000000023740000)]
  0x00000000315b1000 JavaThread "Build operations Thread 4" [_thread_blocked, id=3792, stack(0x0000000023540000,0x0000000023640000)]
  0x00000000315b0000 JavaThread "Build operations Thread 3" [_thread_blocked, id=6756, stack(0x0000000023440000,0x0000000023540000)]
  0x00000000315b7000 JavaThread "Build operations Thread 2" [_thread_blocked, id=11344, stack(0x0000000023340000,0x0000000023440000)]
  0x00000000315b1800 JavaThread "Build operations" [_thread_blocked, id=6184, stack(0x0000000023240000,0x0000000023340000)]
  0x00000000315a8800 JavaThread "Cache worker for cache directory md-rule (C:\Users\f\.gradle\caches\6.5\md-rule)" [_thread_blocked, id=4664, stack(0x0000000023140000,0x0000000023240000)]
  0x00000000315af800 JavaThread "Cache worker for cache directory md-supplier (C:\Users\f\.gradle\caches\6.5\md-supplier)" [_thread_blocked, id=9912, stack(0x0000000022940000,0x0000000022a40000)]
  0x00000000315ab000 JavaThread "Cache worker for checksums cache (C:\Users\f\AndroidStudioProjects\MyApplication\.gradle\checksums)" [_thread_blocked, id=8952, stack(0x0000000022240000,0x0000000022340000)]
  0x00000000315ad000 JavaThread "Cache worker for file hash cache (C:\Users\f\AndroidStudioProjects\MyApplication\.gradle\6.5\fileHashes)" [_thread_blocked, id=5036, stack(0x0000000020ad0000,0x0000000020bd0000)]
  0x00000000315ae000 JavaThread "Thread-274" [_thread_blocked, id=10540, stack(0x000000001e130000,0x000000001e230000)]
  0x00000000315ac800 JavaThread "Stdin handler" [_thread_blocked, id=10652, stack(0x000000001e030000,0x000000001e130000)]
  0x00000000315ab800 JavaThread "Asynchronous log dispatcher for DefaultDaemonConnection: socket connection from /127.0.0.1:50908 to /127.0.0.1:51197" [_thread_blocked, id=4112, stack(0x000000001dc30000,0x000000001dd30000)]
  0x00000000315a9800 JavaThread "Cancel handler" [_thread_blocked, id=11644, stack(0x000000001d830000,0x000000001d930000)]
  0x00000000315aa000 JavaThread "Handler for socket connection from /127.0.0.1:50908 to /127.0.0.1:51197" [_thread_in_native, id=2928, stack(0x000000001d3e0000,0x000000001d4e0000)]
  0x00000000315b2800 JavaThread "ForkJoinPool.commonPool-worker-3" daemon [_thread_blocked, id=13824, stack(0x000000002ef30000,0x000000002f030000)]
  0x000000001b362000 JavaThread "jar transforms Thread 184" [_thread_blocked, id=13376, stack(0x0000000029340000,0x0000000029440000)]
  0x000000001eb12000 JavaThread "jar transforms Thread 183" [_thread_blocked, id=684, stack(0x0000000029240000,0x0000000029340000)]
  0x000000001eb11000 JavaThread "jar transforms Thread 182" [_thread_blocked, id=4360, stack(0x0000000029140000,0x0000000029240000)]
  0x000000001eb12800 JavaThread "jar transforms Thread 181" [_thread_blocked, id=616, stack(0x0000000029040000,0x0000000029140000)]
  0x000000001eb10800 JavaThread "jar transforms Thread 180" [_thread_blocked, id=12412, stack(0x0000000028f40000,0x0000000029040000)]
  0x000000001eb0f800 JavaThread "jar transforms Thread 179" [_thread_blocked, id=12724, stack(0x0000000028e40000,0x0000000028f40000)]
  0x000000001eb09000 JavaThread "jar transforms Thread 178" [_thread_blocked, id=6396, stack(0x0000000028d40000,0x0000000028e40000)]
  0x000000001eb0f000 JavaThread "jar transforms Thread 177" [_thread_blocked, id=2588, stack(0x0000000028c40000,0x0000000028d40000)]
  0x000000001eb08000 JavaThread "jar transforms Thread 176" [_thread_blocked, id=9768, stack(0x0000000028b40000,0x0000000028c40000)]
  0x000000001eb0a800 JavaThread "jar transforms Thread 175" [_thread_blocked, id=528, stack(0x0000000028a40000,0x0000000028b40000)]
  0x000000001eb0d800 JavaThread "jar transforms Thread 174" [_thread_blocked, id=4228, stack(0x0000000028940000,0x0000000028a40000)]
  0x000000001eb0e000 JavaThread "jar transforms Thread 173" [_thread_blocked, id=2780, stack(0x0000000028840000,0x0000000028940000)]
  0x000000001eb06000 JavaThread "jar transforms Thread 172" [_thread_blocked, id=236, stack(0x0000000028740000,0x0000000028840000)]
  0x000000001eb0c800 JavaThread "jar transforms Thread 171" [_thread_blocked, id=2408, stack(0x0000000028640000,0x0000000028740000)]
  0x000000001eb0c000 JavaThread "jar transforms Thread 170" [_thread_blocked, id=6648, stack(0x0000000028540000,0x0000000028640000)]
  0x000000001eb09800 JavaThread "jar transforms Thread 169" [_thread_blocked, id=6928, stack(0x0000000028440000,0x0000000028540000)]
  0x000000001eb04800 JavaThread "jar transforms Thread 168" [_thread_blocked, id=15320, stack(0x0000000028340000,0x0000000028440000)]
  0x000000001eb0b000 JavaThread "jar transforms Thread 167" [_thread_blocked, id=12812, stack(0x0000000028240000,0x0000000028340000)]
  0x000000001eb05000 JavaThread "jar transforms Thread 166" [_thread_blocked, id=11176, stack(0x0000000028140000,0x0000000028240000)]
  0x000000001eb06800 JavaThread "jar transforms Thread 165" [_thread_blocked, id=8276, stack(0x0000000028040000,0x0000000028140000)]
  0x000000001eb07800 JavaThread "jar transforms Thread 164" [_thread_blocked, id=4308, stack(0x0000000027f40000,0x0000000028040000)]
  0x000000001eb03800 JavaThread "jar transforms Thread 163" [_thread_blocked, id=13400, stack(0x0000000027e40000,0x0000000027f40000)]
  0x000000001aa19000 JavaThread "jar transforms Thread 162" [_thread_blocked, id=9220, stack(0x0000000027d40000,0x0000000027e40000)]
  0x000000001aa1f000 JavaThread "jar transforms Thread 161" [_thread_blocked, id=13716, stack(0x0000000027c40000,0x0000000027d40000)]
  0x000000001aa1e000 JavaThread "jar transforms Thread 160" [_thread_blocked, id=14232, stack(0x0000000027b40000,0x0000000027c40000)]
  0x000000001aa1c800 JavaThread "jar transforms Thread 159" [_thread_blocked, id=11312, stack(0x0000000027a40000,0x0000000027b40000)]
  0x000000001aa1a800 JavaThread "jar transforms Thread 158" [_thread_blocked, id=388, stack(0x0000000027940000,0x0000000027a40000)]
  0x0000000021248000 JavaThread "jar transforms Thread 157" [_thread_blocked, id=14520, stack(0x0000000027840000,0x0000000027940000)]
  0x0000000021246000 JavaThread "jar transforms Thread 156" [_thread_blocked, id=11856, stack(0x0000000027740000,0x0000000027840000)]
  0x0000000021245000 JavaThread "jar transforms Thread 155" [_thread_blocked, id=8248, stack(0x0000000027640000,0x0000000027740000)]
  0x0000000021249800 JavaThread "jar transforms Thread 154" [_thread_blocked, id=15040, stack(0x0000000027540000,0x0000000027640000)]
  0x0000000021247800 JavaThread "jar transforms Thread 153" [_thread_blocked, id=14380, stack(0x0000000027440000,0x0000000027540000)]
  0x0000000021246800 JavaThread "jar transforms Thread 152" [_thread_blocked, id=1380, stack(0x0000000027340000,0x0000000027440000)]
  0x000000002123d800 JavaThread "jar transforms Thread 151" [_thread_blocked, id=7248, stack(0x0000000027240000,0x0000000027340000)]
  0x0000000021241800 JavaThread "jar transforms Thread 150" [_thread_blocked, id=4008, stack(0x0000000027140000,0x0000000027240000)]
  0x0000000021244800 JavaThread "jar transforms Thread 149" [_thread_blocked, id=3432, stack(0x0000000027040000,0x0000000027140000)]
  0x0000000021243800 JavaThread "jar transforms Thread 148" [_thread_blocked, id=6180, stack(0x0000000026f40000,0x0000000027040000)]
  0x0000000021240000 JavaThread "jar transforms Thread 147" [_thread_blocked, id=6380, stack(0x0000000026e40000,0x0000000026f40000)]
  0x0000000021243000 JavaThread "jar transforms Thread 146" [_thread_blocked, id=1232, stack(0x0000000026d40000,0x0000000026e40000)]
  0x000000002123d000 JavaThread "jar transforms Thread 145" [_thread_blocked, id=7112, stack(0x0000000026c40000,0x0000000026d40000)]
  0x000000001f926800 JavaThread "jar transforms Thread 144" [_thread_blocked, id=1524, stack(0x0000000026b40000,0x0000000026c40000)]
  0x000000001f926000 JavaThread "jar transforms Thread 143" [_thread_blocked, id=14548, stack(0x0000000026a40000,0x0000000026b40000)]
  0x000000001f925000 JavaThread "jar transforms Thread 142" [_thread_blocked, id=5044, stack(0x0000000026940000,0x0000000026a40000)]
  0x000000001f928000 JavaThread "jar transforms Thread 141" [_thread_blocked, id=12148, stack(0x0000000026840000,0x0000000026940000)]
  0x000000001f927800 JavaThread "jar transforms Thread 140" [_thread_blocked, id=2844, stack(0x0000000026740000,0x0000000026840000)]
  0x000000001f924800 JavaThread "jar transforms Thread 139" [_thread_blocked, id=15280, stack(0x0000000026640000,0x0000000026740000)]
  0x000000001f91d000 JavaThread "jar transforms Thread 138" [_thread_blocked, id=3292, stack(0x0000000026540000,0x0000000026640000)]
  0x000000001f922000 JavaThread "jar transforms Thread 137" [_thread_blocked, id=9224, stack(0x0000000026440000,0x0000000026540000)]
  0x000000001f921800 JavaThread "jar transforms Thread 136" [_thread_blocked, id=11536, stack(0x0000000026340000,0x0000000026440000)]
  0x000000001f923800 JavaThread "jar transforms Thread 135" [_thread_blocked, id=1016, stack(0x0000000026240000,0x0000000026340000)]
  0x000000001f91a000 JavaThread "jar transforms Thread 134" [_thread_blocked, id=1400, stack(0x0000000026140000,0x0000000026240000)]
  0x000000001f920800 JavaThread "jar transforms Thread 133" [_thread_blocked, id=7156, stack(0x0000000026040000,0x0000000026140000)]
  0x000000001f91c000 JavaThread "jar transforms Thread 132" [_thread_blocked, id=11920, stack(0x0000000025f40000,0x0000000026040000)]
  0x000000001f919000 JavaThread "jar transforms Thread 131" [_thread_blocked, id=2832, stack(0x0000000025e40000,0x0000000025f40000)]
  0x000000001f920000 JavaThread "jar transforms Thread 130" [_thread_blocked, id=10800, stack(0x0000000025d40000,0x0000000025e40000)]
  0x00000000216e0800 JavaThread "jar transforms Thread 129" [_thread_blocked, id=6200, stack(0x0000000025c40000,0x0000000025d40000)]
  0x00000000216df800 JavaThread "jar transforms Thread 128" [_thread_blocked, id=4244, stack(0x0000000025b40000,0x0000000025c40000)]
  0x00000000216df000 JavaThread "jar transforms Thread 127" [_thread_blocked, id=11164, stack(0x0000000025a40000,0x0000000025b40000)]
  0x00000000216de000 JavaThread "jar transforms Thread 126" [_thread_blocked, id=888, stack(0x0000000025940000,0x0000000025a40000)]
  0x00000000216dd800 JavaThread "jar transforms Thread 125" [_thread_blocked, id=5776, stack(0x0000000025840000,0x0000000025940000)]
  0x00000000216dc800 JavaThread "jar transforms Thread 124" [_thread_blocked, id=13876, stack(0x0000000025740000,0x0000000025840000)]
  0x00000000216dc000 JavaThread "jar transforms Thread 123" [_thread_blocked, id=14000, stack(0x0000000025640000,0x0000000025740000)]
  0x00000000216d4800 JavaThread "jar transforms Thread 122" [_thread_blocked, id=4000, stack(0x0000000025540000,0x0000000025640000)]
  0x00000000216db000 JavaThread "jar transforms Thread 121" [_thread_blocked, id=2472, stack(0x0000000025440000,0x0000000025540000)]
  0x00000000216da800 JavaThread "jar transforms Thread 120" [_thread_blocked, id=11740, stack(0x0000000025340000,0x0000000025440000)]
  0x00000000216d9800 JavaThread "jar transforms Thread 119" [_thread_blocked, id=608, stack(0x0000000025240000,0x0000000025340000)]
  0x00000000216d9000 JavaThread "jar transforms Thread 118" [_thread_blocked, id=1376, stack(0x0000000025140000,0x0000000025240000)]
  0x00000000216d7800 JavaThread "jar transforms Thread 117" [_thread_blocked, id=5576, stack(0x0000000025040000,0x0000000025140000)]
  0x00000000216d3000 JavaThread "jar transforms Thread 116" [_thread_blocked, id=9388, stack(0x0000000024f40000,0x0000000025040000)]
  0x00000000216d6800 JavaThread "jar transforms Thread 115" [_thread_blocked, id=10048, stack(0x0000000024e40000,0x0000000024f40000)]
  0x00000000216d6000 JavaThread "jar transforms Thread 114" [_thread_blocked, id=2552, stack(0x0000000024d40000,0x0000000024e40000)]
  0x00000000216d1800 JavaThread "jar transforms Thread 113" [_thread_blocked, id=14636, stack(0x0000000024c40000,0x0000000024d40000)]
  0x00000000216d2000 JavaThread "jar transforms Thread 112" [_thread_blocked, id=11788, stack(0x0000000024b40000,0x0000000024c40000)]
  0x000000001acc1000 JavaThread "jar transforms Thread 111" [_thread_blocked, id=13456, stack(0x0000000024a40000,0x0000000024b40000)]
  0x000000001acc0000 JavaThread "jar transforms Thread 110" [_thread_blocked, id=3976, stack(0x0000000024940000,0x0000000024a40000)]
  0x000000001acbf800 JavaThread "jar transforms Thread 109" [_thread_blocked, id=9588, stack(0x0000000024840000,0x0000000024940000)]
  0x000000001acb7800 JavaThread "jar transforms Thread 108" [_thread_blocked, id=6652, stack(0x0000000024740000,0x0000000024840000)]
  0x000000001acbe800 JavaThread "jar transforms Thread 107" [_thread_blocked, id=3456, stack(0x0000000024640000,0x0000000024740000)]
  0x000000001acbe000 JavaThread "jar transforms Thread 106" [_thread_blocked, id=612, stack(0x0000000024540000,0x0000000024640000)]
  0x000000001acb6000 JavaThread "jar transforms Thread 105" [_thread_blocked, id=6764, stack(0x0000000024440000,0x0000000024540000)]
  0x000000001acbd000 JavaThread "jar transforms Thread 104" [_thread_blocked, id=3444, stack(0x0000000024340000,0x0000000024440000)]
  0x000000001acbc000 JavaThread "jar transforms Thread 103" [_thread_blocked, id=14112, stack(0x0000000024240000,0x0000000024340000)]
  0x000000001acbb800 JavaThread "jar transforms Thread 102" [_thread_blocked, id=14164, stack(0x0000000024140000,0x0000000024240000)]
  0x000000001acb3000 JavaThread "jar transforms Thread 101" [_thread_blocked, id=10028, stack(0x0000000024040000,0x0000000024140000)]
  0x000000001acb5800 JavaThread "jar transforms Thread 100" [_thread_blocked, id=14016, stack(0x0000000023f40000,0x0000000024040000)]
  0x000000001acba000 JavaThread "jar transforms Thread 99" [_thread_blocked, id=9184, stack(0x0000000023e40000,0x0000000023f40000)]
  0x000000001acb7000 JavaThread "jar transforms Thread 98" [_thread_blocked, id=5308, stack(0x0000000023d40000,0x0000000023e40000)]
  0x000000001acb9000 JavaThread "jar transforms Thread 97" [_thread_blocked, id=3276, stack(0x0000000023c40000,0x0000000023d40000)]
  0x000000001acb8800 JavaThread "jar transforms Thread 96" [_thread_blocked, id=1320, stack(0x0000000023b40000,0x0000000023c40000)]
  0x000000001acb4000 JavaThread "jar transforms Thread 95" [_thread_blocked, id=14348, stack(0x0000000023a40000,0x0000000023b40000)]
  0x000000001acb2800 JavaThread "jar transforms Thread 94" [_thread_blocked, id=5236, stack(0x0000000023940000,0x0000000023a40000)]
  0x000000001acb4800 JavaThread "jar transforms Thread 93" [_thread_blocked, id=13812, stack(0x0000000023840000,0x0000000023940000)]
  0x000000002bdcc800 JavaThread "Daemon worker Thread 2" [_thread_blocked, id=7540, stack(0x000000001db30000,0x000000001dc30000)]
  0x000000002bdcd800 JavaThread "Daemon Thread 2" [_thread_blocked, id=15012, stack(0x000000001d2e0000,0x000000001d3e0000)]
  0x000000001f91b800 JavaThread "Cache worker for Java compile cache (C:\Users\f\.gradle\caches\6.5\javaCompile)" [_thread_blocked, id=14544, stack(0x000000002f2d0000,0x000000002f3d0000)]
  0x0000000021240800 JavaThread "Memory manager" [_thread_blocked, id=14436, stack(0x0000000029740000,0x0000000029840000)]
  0x000000001aa1b000 JavaThread "Cache worker for file content cache (C:\Users\f\.gradle\caches\6.5\fileContent)" [_thread_blocked, id=15332, stack(0x0000000022a40000,0x0000000022b40000)]
  0x000000001aa19800 JavaThread "Cache worker for execution history cache (C:\Users\f\.gradle\caches\6.5\executionHistory)" [_thread_blocked, id=10628, stack(0x0000000020e90000,0x0000000020f90000)]
  0x000000001aa1f800 JavaThread "Cache worker for file hash cache (C:\Users\f\.gradle\caches\6.5\fileHashes)" [_thread_blocked, id=12704, stack(0x000000001e630000,0x000000001e730000)]
  0x000000001aa1d800 JavaThread "File lock request listener" [_thread_in_native, id=6752, stack(0x000000001e530000,0x000000001e630000)]
  0x000000001c13a800 JavaThread "Cache worker for journal cache (C:\Users\f\.gradle\caches\journal-1)" [_thread_blocked, id=13352, stack(0x000000001e430000,0x000000001e530000)]
  0x000000001c125800 JavaThread "Daemon periodic checks" [_thread_blocked, id=15220, stack(0x000000001d730000,0x000000001d830000)]
  0x000000001a8a9800 JavaThread "Incoming local TCP Connector on port 50908" [_thread_in_native, id=6212, stack(0x000000001d4e0000,0x000000001d5e0000)]
  0x000000001bc64000 JavaThread "Daemon health stats" [_thread_blocked, id=9336, stack(0x000000001ce80000,0x000000001cf80000)]
  0x00000000196a2800 JavaThread "Service Thread" daemon [_thread_blocked, id=15304, stack(0x000000001a2e0000,0x000000001a3e0000)]
  0x0000000019616000 JavaThread "C1 CompilerThread3" daemon [_thread_in_native, id=2808, stack(0x000000001a1e0000,0x000000001a2e0000)]
=>0x000000001960b800 JavaThread "C2 CompilerThread2" daemon [_thread_in_native, id=9140, stack(0x000000001a0e0000,0x000000001a1e0000)]
  0x0000000019608800 JavaThread "C2 CompilerThread1" daemon [_thread_in_native, id=8956, stack(0x0000000019fe0000,0x000000001a0e0000)]
  0x0000000019606800 JavaThread "C2 CompilerThread0" daemon [_thread_in_native, id=3048, stack(0x0000000019ee0000,0x0000000019fe0000)]
  0x0000000019605000 JavaThread "Attach Listener" daemon [_thread_blocked, id=7556, stack(0x0000000019de0000,0x0000000019ee0000)]
  0x0000000019604800 JavaThread "Signal Dispatcher" daemon [_thread_blocked, id=7068, stack(0x0000000019ce0000,0x0000000019de0000)]
  0x00000000195f1800 JavaThread "Finalizer" daemon [_thread_blocked, id=10620, stack(0x0000000019ad0000,0x0000000019bd0000)]
  0x0000000002738000 JavaThread "Reference Handler" daemon [_thread_blocked, id=1748, stack(0x00000000199d0000,0x0000000019ad0000)]
  0x000000000248e000 JavaThread "main" [_thread_blocked, id=12592, stack(0x0000000002540000,0x0000000002640000)]

Other Threads:
  0x00000000177d6800 VMThread [stack: 0x00000000194d0000,0x00000000195d0000] [id=3684]
  0x00000000196a5000 WatcherThread [stack: 0x000000001a3e0000,0x000000001a4e0000] [id=8656]

VM state:not at safepoint (normal execution)

VM Mutex/Monitor currently owned by a thread: None

heap address: 0x0000000080000000, size: 2048 MB, Compressed Oops mode: 32-bit
Narrow klass base: 0x0000000000000000, Narrow klass shift: 3
Compressed class space size: 1073741824 Address: 0x0000000100000000

Heap:
 PSYoungGen      total 450048K, used 328928K [0x00000000d5580000, 0x00000000f3480000, 0x0000000100000000)
  eden space 414720K, 76% used [0x00000000d5580000,0x00000000e8ad0678,0x00000000eea80000)
  from space 35328K, 34% used [0x00000000f1200000,0x00000000f1de7af8,0x00000000f3480000)
  to   space 37888K, 0% used [0x00000000eea80000,0x00000000eea80000,0x00000000f0f80000)
 ParOldGen       total 254464K, used 52537K [0x0000000080000000, 0x000000008f880000, 0x00000000d5580000)
  object space 254464K, 20% used [0x0000000080000000,0x000000008334e508,0x000000008f880000)
 Metaspace       used 95231K, capacity 100044K, committed 102552K, reserved 1138688K
  class space    used 12392K, capacity 13278K, committed 14000K, reserved 1048576K

Card table byte_map: [0x0000000011b00000,0x0000000011f10000] byte_map_base: 0x0000000011700000

Marking Bits: (ParMarkBitMap*) 0x0000000072acf030
 Begin Bits: [0x00000000129c0000, 0x00000000149c0000)
 End Bits:   [0x00000000149c0000, 0x00000000169c0000)

Polling page: 0x00000000024e0000

CodeCache: size=245760Kb used=55254Kb max_used=55263Kb free=190505Kb
 bounds [0x0000000002740000, 0x0000000005d80000, 0x0000000011740000]
 total_blobs=17471 nmethods=16593 adapters=788
 compilation: enabled

Compilation events (10 events):
Event: 673.669 Thread 0x0000000019616000 nmethod 20562 0x0000000004d49e90 code [0x0000000004d4a1c0, 0x0000000004d4bf28]
Event: 673.669 Thread 0x0000000019616000 20563   !   3       java.lang.ThreadGroup::addUnstarted (40 bytes)
Event: 673.670 Thread 0x0000000019616000 nmethod 20563 0x0000000005133e10 code [0x0000000005133f80, 0x0000000005134348]
Event: 673.670 Thread 0x0000000019616000 20564  s    3       java.lang.Thread::nextThreadID (10 bytes)
Event: 673.670 Thread 0x0000000019606800 nmethod 20550 0x0000000005d6ee10 code [0x0000000005d6efa0, 0x0000000005d6f358]
Event: 673.670 Thread 0x0000000019616000 nmethod 20564 0x0000000005d5b610 code [0x0000000005d5b760, 0x0000000005d5ba30]
Event: 673.670 Thread 0x0000000019606800 20555       4       org.gradle.api.internal.artifacts.transform.TransformationStep::visitTransformationSteps (8 bytes)
Event: 673.678 Thread 0x0000000019606800 nmethod 20555 0x0000000005d5aa10 code [0x0000000005d5ab80, 0x0000000005d5b038]
Event: 673.678 Thread 0x0000000019606800 20556       4       org.gradle.api.internal.artifacts.transform.DefaultTransformer::getSecondaryInputHash (8 bytes)
Event: 673.679 Thread 0x0000000019606800 nmethod 20556 0x0000000004d6a190 code [0x0000000004d6a2c0, 0x0000000004d6a338]

GC Heap History (10 events):
Event: 617.484 GC heap before
{Heap before GC invocations=36 (full 4):
 PSYoungGen      total 368640K, used 347135K [0x00000000d5580000, 0x00000000f0d80000, 0x0000000100000000)
  eden space 325632K, 100% used [0x00000000d5580000,0x00000000e9380000,0x00000000e9380000)
  from space 43008K, 49% used [0x00000000e9380000,0x00000000ea87ff30,0x00000000ebd80000)
  to   space 40960K, 0% used [0x00000000ee580000,0x00000000ee580000,0x00000000f0d80000)
 ParOldGen       total 254464K, used 52513K [0x0000000080000000, 0x000000008f880000, 0x00000000d5580000)
  object space 254464K, 20% used [0x0000000080000000,0x0000000083348508,0x000000008f880000)
 Metaspace       used 94568K, capacity 99370K, committed 102040K, reserved 1136640K
  class space    used 12373K, capacity 13223K, committed 14000K, reserved 1048576K
Event: 617.512 GC heap after
Heap after GC invocations=36 (full 4):
 PSYoungGen      total 411136K, used 21554K [0x00000000d5580000, 0x00000000f1000000, 0x0000000100000000)
  eden space 370176K, 0% used [0x00000000d5580000,0x00000000d5580000,0x00000000ebf00000)
  from space 40960K, 52% used [0x00000000ee580000,0x00000000efa8cb08,0x00000000f0d80000)
  to   space 39424K, 0% used [0x00000000ebf00000,0x00000000ebf00000,0x00000000ee580000)
 ParOldGen       total 254464K, used 52513K [0x0000000080000000, 0x000000008f880000, 0x00000000d5580000)
  object space 254464K, 20% used [0x0000000080000000,0x0000000083348508,0x000000008f880000)
 Metaspace       used 94568K, capacity 99370K, committed 102040K, reserved 1136640K
  class space    used 12373K, capacity 13223K, committed 14000K, reserved 1048576K
}
Event: 618.128 GC heap before
{Heap before GC invocations=37 (full 4):
 PSYoungGen      total 411136K, used 391730K [0x00000000d5580000, 0x00000000f1000000, 0x0000000100000000)
  eden space 370176K, 100% used [0x00000000d5580000,0x00000000ebf00000,0x00000000ebf00000)
  from space 40960K, 52% used [0x00000000ee580000,0x00000000efa8cb08,0x00000000f0d80000)
  to   space 39424K, 0% used [0x00000000ebf00000,0x00000000ebf00000,0x00000000ee580000)
 ParOldGen       total 254464K, used 52513K [0x0000000080000000, 0x000000008f880000, 0x00000000d5580000)
  object space 254464K, 20% used [0x0000000080000000,0x0000000083348508,0x000000008f880000)
 Metaspace       used 94601K, capacity 99374K, committed 102040K, reserved 1136640K
  class space    used 12373K, capacity 13223K, committed 14000K, reserved 1048576K
Event: 618.151 GC heap after
Heap after GC invocations=37 (full 4):
 PSYoungGen      total 409600K, used 26426K [0x00000000d5580000, 0x00000000f3880000, 0x0000000100000000)
  eden space 370176K, 0% used [0x00000000d5580000,0x00000000d5580000,0x00000000ebf00000)
  from space 39424K, 67% used [0x00000000ebf00000,0x00000000ed8cebc8,0x00000000ee580000)
  to   space 39424K, 0% used [0x00000000f1200000,0x00000000f1200000,0x00000000f3880000)
 ParOldGen       total 254464K, used 52521K [0x0000000080000000, 0x000000008f880000, 0x00000000d5580000)
  object space 254464K, 20% used [0x0000000080000000,0x000000008334a508,0x000000008f880000)
 Metaspace       used 94601K, capacity 99374K, committed 102040K, reserved 1136640K
  class space    used 12373K, capacity 13223K, committed 14000K, reserved 1048576K
}
Event: 619.083 GC heap before
{Heap before GC invocations=38 (full 4):
 PSYoungGen      total 409600K, used 396602K [0x00000000d5580000, 0x00000000f3880000, 0x0000000100000000)
  eden space 370176K, 100% used [0x00000000d5580000,0x00000000ebf00000,0x00000000ebf00000)
  from space 39424K, 67% used [0x00000000ebf00000,0x00000000ed8cebc8,0x00000000ee580000)
  to   space 39424K, 0% used [0x00000000f1200000,0x00000000f1200000,0x00000000f3880000)
 ParOldGen       total 254464K, used 52521K [0x0000000080000000, 0x000000008f880000, 0x00000000d5580000)
  object space 254464K, 20% used [0x0000000080000000,0x000000008334a508,0x000000008f880000)
 Metaspace       used 94607K, capacity 99374K, committed 102040K, reserved 1136640K
  class space    used 12373K, capacity 13223K, committed 14000K, reserved 1048576K
Event: 619.111 GC heap after
Heap after GC invocations=38 (full 4):
 PSYoungGen      total 450048K, used 23528K [0x00000000d5580000, 0x00000000f3480000, 0x0000000100000000)
  eden space 414720K, 0% used [0x00000000d5580000,0x00000000d5580000,0x00000000eea80000)
  from space 35328K, 66% used [0x00000000f1200000,0x00000000f28fa200,0x00000000f3480000)
  to   space 37888K, 0% used [0x00000000eea80000,0x00000000eea80000,0x00000000f0f80000)
 ParOldGen       total 254464K, used 52529K [0x0000000080000000, 0x000000008f880000, 0x00000000d5580000)
  object space 254464K, 20% used [0x0000000080000000,0x000000008334c508,0x000000008f880000)
 Metaspace       used 94607K, capacity 99374K, committed 102040K, reserved 1136640K
  class space    used 12373K, capacity 13223K, committed 14000K, reserved 1048576K
}
Event: 620.136 GC heap before
{Heap before GC invocations=39 (full 4):
 PSYoungGen      total 450048K, used 438248K [0x00000000d5580000, 0x00000000f3480000, 0x0000000100000000)
  eden space 414720K, 100% used [0x00000000d5580000,0x00000000eea80000,0x00000000eea80000)
  from space 35328K, 66% used [0x00000000f1200000,0x00000000f28fa200,0x00000000f3480000)
  to   space 37888K, 0% used [0x00000000eea80000,0x00000000eea80000,0x00000000f0f80000)
 ParOldGen       total 254464K, used 52529K [0x0000000080000000, 0x000000008f880000, 0x00000000d5580000)
  object space 254464K, 20% used [0x0000000080000000,0x000000008334c508,0x000000008f880000)
 Metaspace       used 94611K, capacity 99438K, committed 102040K, reserved 1136640K
  class space    used 12373K, capacity 13223K, committed 14000K, reserved 1048576K
Event: 620.166 GC heap after
Heap after GC invocations=39 (full 4):
 PSYoungGen      total 452608K, used 23147K [0x00000000d5580000, 0x00000000f3480000, 0x0000000100000000)
  eden space 414720K, 0% used [0x00000000d5580000,0x00000000d5580000,0x00000000eea80000)
  from space 37888K, 61% used [0x00000000eea80000,0x00000000f011af18,0x00000000f0f80000)
  to   space 35328K, 0% used [0x00000000f1200000,0x00000000f1200000,0x00000000f3480000)
 ParOldGen       total 254464K, used 52529K [0x0000000080000000, 0x000000008f880000, 0x00000000d5580000)
  object space 254464K, 20% used [0x0000000080000000,0x000000008334c508,0x000000008f880000)
 Metaspace       used 94611K, capacity 99438K, committed 102040K, reserved 1136640K
  class space    used 12373K, capacity 13223K, committed 14000K, reserved 1048576K
}
Event: 621.482 GC heap before
{Heap before GC invocations=40 (full 4):
 PSYoungGen      total 452608K, used 437867K [0x00000000d5580000, 0x00000000f3480000, 0x0000000100000000)
  eden space 414720K, 100% used [0x00000000d5580000,0x00000000eea80000,0x00000000eea80000)
  from space 37888K, 61% used [0x00000000eea80000,0x00000000f011af18,0x00000000f0f80000)
  to   space 35328K, 0% used [0x00000000f1200000,0x00000000f1200000,0x00000000f3480000)
 ParOldGen       total 254464K, used 52529K [0x0000000080000000, 0x000000008f880000, 0x00000000d5580000)
  object space 254464K, 20% used [0x0000000080000000,0x000000008334c508,0x000000008f880000)
 Metaspace       used 94657K, capacity 99442K, committed 102040K, reserved 1136640K
  class space    used 12373K, capacity 13223K, committed 14000K, reserved 1048576K
Event: 621.501 GC heap after
Heap after GC invocations=40 (full 4):
 PSYoungGen      total 450048K, used 12190K [0x00000000d5580000, 0x00000000f3480000, 0x0000000100000000)
  eden space 414720K, 0% used [0x00000000d5580000,0x00000000d5580000,0x00000000eea80000)
  from space 35328K, 34% used [0x00000000f1200000,0x00000000f1de7af8,0x00000000f3480000)
  to   space 37888K, 0% used [0x00000000eea80000,0x00000000eea80000,0x00000000f0f80000)
 ParOldGen       total 254464K, used 52537K [0x0000000080000000, 0x000000008f880000, 0x00000000d5580000)
  object space 254464K, 20% used [0x0000000080000000,0x000000008334e508,0x000000008f880000)
 Metaspace       used 94657K, capacity 99442K, committed 102040K, reserved 1136640K
  class space    used 12373K, capacity 13223K, committed 14000K, reserved 1048576K
}

Deoptimization events (10 events):
Event: 622.611 Thread 0x00000000315b1000 Uncommon trap: reason=unstable_if action=reinterpret pc=0x00000000034e18d8 method=java.nio.Bits.copyToArray(JLjava/lang/Object;JJJ)V @ 19
Event: 622.760 Thread 0x000000001b365000 Uncommon trap: reason=unstable_if action=reinterpret pc=0x00000000044c7738 method=java.util.concurrent.locks.AbstractQueuedSynchronizer.acquire(I)V @ 20
Event: 622.761 Thread 0x000000001b35e800 Uncommon trap: reason=unstable_if action=reinterpret pc=0x00000000044c7738 method=java.util.concurrent.locks.AbstractQueuedSynchronizer.acquire(I)V @ 20
Event: 622.804 Thread 0x000000002bdcc800 Uncommon trap: reason=unstable_if action=reinterpret pc=0x000000000577516c method=org.gradle.internal.logging.sink.OutputEventRenderer.onOutput(Lorg/gradle/internal/logging/events/OutputEvent;)V @ 4
Event: 672.621 Thread 0x000000002bdcc800 Uncommon trap: reason=unstable_if action=reinterpret pc=0x0000000003461e90 method=com.google.common.collect.MapMakerInternalMap$Segment.getEntry(Ljava/lang/Object;I)Lcom/google/common/collect/MapMakerInternalMap$InternalEntry; @ 4
Event: 672.908 Thread 0x000000002bdcc800 Uncommon trap: reason=array_check action=maybe_recompile pc=0x0000000005835dc8 method=com.google.common.collect.RegularImmutableMap.fromEntryArray(I[Ljava/util/Map$Entry;)Lcom/google/common/collect/ImmutableMap; @ 157
Event: 673.005 Thread 0x000000002bdcc800 Uncommon trap: reason=array_check action=maybe_recompile pc=0x000000000577044c method=com.google.common.collect.ImmutableSet.construct(I[Ljava/lang/Object;)Lcom/google/common/collect/ImmutableSet; @ 122
Event: 673.007 Thread 0x000000002bdcc800 Uncommon trap: reason=class_check action=maybe_recompile pc=0x00000000048b89a0 method=java.util.Spliterators$ArraySpliterator.tryAdvance(Ljava/util/function/Consumer;)Z @ 49
Event: 673.061 Thread 0x000000002bdcc800 Uncommon trap: reason=class_check action=maybe_recompile pc=0x00000000048b89a0 method=java.util.Spliterators$ArraySpliterator.tryAdvance(Ljava/util/function/Consumer;)Z @ 49
Event: 673.413 Thread 0x000000002bdcf000 Uncommon trap: reason=class_check action=maybe_recompile pc=0x00000000041c058c method=org.gradle.internal.snapshot.SnapshotUtil.getMetadataFromChildren(Ljava/util/List;Lorg/gradle/internal/snapshot/VfsRelativePath;Lorg/gradle/internal/snapshot/CaseSensiti

Classes redefined (0 events):
No events

Internal exceptions (10 events):
Event: 621.849 Thread 0x000000001b36b000 Exception <a 'sun/nio/fs/WindowsException'> (0x00000000da5a00d8) thrown at [C:\src\AOSP-openjdk-git\hotspot\src\share\vm\prims\jni.cpp, line 710]
Event: 621.849 Thread 0x000000001b36b000 Exception <a 'sun/nio/fs/WindowsException'> (0x00000000da5a0600) thrown at [C:\src\AOSP-openjdk-git\hotspot\src\share\vm\prims\jni.cpp, line 710]
Event: 621.849 Thread 0x000000001b36b000 Exception <a 'sun/nio/fs/WindowsException'> (0x00000000da5a1408) thrown at [C:\src\AOSP-openjdk-git\hotspot\src\share\vm\prims\jni.cpp, line 710]
Event: 621.852 Thread 0x000000001b36b000 Exception <a 'sun/nio/fs/WindowsException'> (0x00000000da5a8ec8) thrown at [C:\src\AOSP-openjdk-git\hotspot\src\share\vm\prims\jni.cpp, line 710]
Event: 622.005 Thread 0x00000000315a9800 Exception <a 'sun/nio/fs/WindowsException'> (0x00000000ddc24d88) thrown at [C:\src\AOSP-openjdk-git\hotspot\src\share\vm\prims\jni.cpp, line 710]
Event: 622.128 Thread 0x00000000315b5800 Exception <a 'sun/nio/fs/WindowsException'> (0x00000000dfad1a80) thrown at [C:\src\AOSP-openjdk-git\hotspot\src\share\vm\prims\jni.cpp, line 710]
Event: 622.552 Thread 0x00000000315b1000 Exception <a 'sun/nio/fs/WindowsException'> (0x00000000e29f51e8) thrown at [C:\src\AOSP-openjdk-git\hotspot\src\share\vm\prims\jni.cpp, line 710]
Event: 622.608 Thread 0x00000000315ab000 Exception <a 'sun/nio/fs/WindowsException'> (0x00000000e2b12ad8) thrown at [C:\src\AOSP-openjdk-git\hotspot\src\share\vm\prims\jni.cpp, line 710]
Event: 622.608 Thread 0x00000000315ab000 Exception <a 'sun/nio/fs/WindowsException'> (0x00000000e2b12fa0) thrown at [C:\src\AOSP-openjdk-git\hotspot\src\share\vm\prims\jni.cpp, line 710]
Event: 673.014 Thread 0x000000002bdcc800 Exception <a 'sun/nio/fs/WindowsException'> (0x00000000e62c3870) thrown at [C:\src\AOSP-openjdk-git\hotspot\src\share\vm\prims\jni.cpp, line 710]

Events (10 events):
Event: 673.618 Thread 0x0000000019616000 flushing nmethod 0x00000000055d0bd0
Event: 673.618 Thread 0x0000000019616000 flushing nmethod 0x00000000055e3e10
Event: 673.621 Thread 0x0000000019616000 flushing nmethod 0x0000000005968f50
Event: 673.630 Thread 0x000000002bdd6800 Thread added: 0x000000002bdd6800
Event: 673.630 Thread 0x000000002bdd7000 Thread added: 0x000000002bdd7000
Event: 673.632 Executing VM operation: RevokeBias
Event: 673.632 Executing VM operation: RevokeBias done
Event: 673.635 Thread 0x000000002bdd3800 Thread added: 0x000000002bdd3800
Event: 673.666 Thread 0x000000002bdd8000 Thread added: 0x000000002bdd8000
Event: 673.666 Thread 0x000000002bdda800 Thread added: 0x000000002bdda800


Dynamic libraries:
0x00007ff75ef00000 - 0x00007ff75ef31000 	C:\Program Files\Android\Android Studio\jre\bin\java.exe
0x00007ffae2570000 - 0x00007ffae2766000 	C:\WINDOWS\SYSTEM32\ntdll.dll
0x00007ffab06a0000 - 0x00007ffab06b2000 	C:\Program Files\AVG\Antivirus\aswhook.dll
0x00007ffae0680000 - 0x00007ffae073d000 	C:\WINDOWS\System32\KERNEL32.DLL
0x00007ffadff00000 - 0x00007ffae01c8000 	C:\WINDOWS\System32\KERNELBASE.dll
0x00007ffadb3c0000 - 0x00007ffadb450000 	C:\WINDOWS\SYSTEM32\apphelp.dll
0x00007ffae07e0000 - 0x00007ffae088a000 	C:\WINDOWS\System32\ADVAPI32.dll
0x00007ffae05e0000 - 0x00007ffae067e000 	C:\WINDOWS\System32\msvcrt.dll
0x00007ffae0740000 - 0x00007ffae07db000 	C:\WINDOWS\System32\sechost.dll
0x00007ffae08c0000 - 0x00007ffae09e4000 	C:\WINDOWS\System32\RPCRT4.dll
0x00007ffae1590000 - 0x00007ffae1730000 	C:\WINDOWS\System32\USER32.dll
0x00007ffadfed0000 - 0x00007ffadfef2000 	C:\WINDOWS\System32\win32u.dll
0x00007ffae0890000 - 0x00007ffae08ba000 	C:\WINDOWS\System32\GDI32.dll
0x00007ffadfd10000 - 0x00007ffadfe19000 	C:\WINDOWS\System32\gdi32full.dll
0x00007ffae0490000 - 0x00007ffae052d000 	C:\WINDOWS\System32\msvcp_win.dll
0x00007ffae0230000 - 0x00007ffae0330000 	C:\WINDOWS\System32\ucrtbase.dll
0x00007ffac69b0000 - 0x00007ffac6c4b000 	C:\WINDOWS\WinSxS\amd64_microsoft.windows.common-controls_6595b64144ccf1df_6.0.19041.488_none_ca04af081b815d21\COMCTL32.dll
0x00007ffae1b20000 - 0x00007ffae1b50000 	C:\WINDOWS\System32\IMM32.DLL
0x0000000072140000 - 0x0000000072212000 	C:\Program Files\Android\Android Studio\jre\jre\bin\msvcr100.dll
0x0000000072300000 - 0x0000000072b4b000 	C:\Program Files\Android\Android Studio\jre\jre\bin\server\jvm.dll
0x00007ffae0b40000 - 0x00007ffae0b48000 	C:\WINDOWS\System32\PSAPI.DLL
0x00007ffad0310000 - 0x00007ffad0319000 	C:\WINDOWS\SYSTEM32\WSOCK32.dll
0x00007ffae0b50000 - 0x00007ffae0bbb000 	C:\WINDOWS\System32\WS2_32.dll
0x00007ffad70b0000 - 0x00007ffad70d7000 	C:\WINDOWS\SYSTEM32\WINMM.dll
0x00007ffad85b0000 - 0x00007ffad85ba000 	C:\WINDOWS\SYSTEM32\VERSION.dll
0x00007ffadd480000 - 0x00007ffadd48f000 	C:\Program Files\Android\Android Studio\jre\jre\bin\verify.dll
0x00007ffadb920000 - 0x00007ffadb949000 	C:\Program Files\Android\Android Studio\jre\jre\bin\java.dll
0x00007ffadb900000 - 0x00007ffadb916000 	C:\Program Files\Android\Android Studio\jre\jre\bin\zip.dll
0x00007ffae1bb0000 - 0x00007ffae22f0000 	C:\WINDOWS\System32\SHELL32.dll
0x00007ffadde30000 - 0x00007ffade5c4000 	C:\WINDOWS\SYSTEM32\windows.storage.dll
0x00007ffae0cf0000 - 0x00007ffae1045000 	C:\WINDOWS\System32\combase.dll
0x00007ffadf730000 - 0x00007ffadf75c000 	C:\WINDOWS\SYSTEM32\Wldp.dll
0x00007ffae14e0000 - 0x00007ffae158e000 	C:\WINDOWS\System32\SHCORE.dll
0x00007ffae1790000 - 0x00007ffae17e5000 	C:\WINDOWS\System32\shlwapi.dll
0x00007ffadfbf0000 - 0x00007ffadfc16000 	C:\WINDOWS\SYSTEM32\profapi.dll
0x00007ffadb8e0000 - 0x00007ffadb8fa000 	C:\Program Files\Android\Android Studio\jre\jre\bin\net.dll
0x00007ffadf4b0000 - 0x00007ffadf51a000 	C:\WINDOWS\system32\mswsock.dll
0x00007ffadb8c0000 - 0x00007ffadb8d3000 	C:\Program Files\Android\Android Studio\jre\jre\bin\nio.dll
0x00007ffad7a30000 - 0x00007ffad7a57000 	C:\Users\f\.gradle\native\f6784746aeab05261644944871eae4fe03e0ef1612fff0a4a95f87b438bc6780\windows-amd64\native-platform.dll
0x00007ffadd440000 - 0x00007ffadd44d000 	C:\Program Files\Android\Android Studio\jre\jre\bin\management.dll
0x00007ffadf680000 - 0x00007ffadf698000 	C:\WINDOWS\SYSTEM32\CRYPTSP.dll
0x00007ffaded70000 - 0x00007ffadeda4000 	C:\WINDOWS\system32\rsaenh.dll
0x00007ffae0530000 - 0x00007ffae0557000 	C:\WINDOWS\System32\bcrypt.dll
0x00007ffadfbb0000 - 0x00007ffadfbde000 	C:\WINDOWS\SYSTEM32\USERENV.dll
0x00007ffae0560000 - 0x00007ffae05df000 	C:\WINDOWS\System32\bcryptprimitives.dll
0x00007ffadf6a0000 - 0x00007ffadf6ac000 	C:\WINDOWS\SYSTEM32\CRYPTBASE.dll
0x00007ffadf150000 - 0x00007ffadf18b000 	C:\WINDOWS\SYSTEM32\IPHLPAPI.DLL
0x00007ffae0b20000 - 0x00007ffae0b29000 	C:\WINDOWS\System32\NSI.dll
0x00007ffad8cd0000 - 0x00007ffad8ce7000 	C:\WINDOWS\SYSTEM32\dhcpcsvc6.DLL
0x00007ffadb2e0000 - 0x00007ffadb2fd000 	C:\WINDOWS\SYSTEM32\dhcpcsvc.DLL
0x00007ffadf1a0000 - 0x00007ffadf26b000 	C:\WINDOWS\SYSTEM32\DNSAPI.dll
0x00007ffadb4e0000 - 0x00007ffadb4eb000 	C:\WINDOWS\SYSTEM32\WINNSI.DLL

VM Arguments:
jvm_args: -Xmx2048m -Dfile.encoding=UTF-8 -Duser.country=RU -Duser.language=ru -Duser.variant 
java_command: org.gradle.launcher.daemon.bootstrap.GradleDaemon 6.5
java_class_path (initial): C:\Users\f\.gradle\wrapper\dists\gradle-6.5-bin\6nifqtx7604sqp1q6g8wikw7p\gradle-6.5\lib\gradle-launcher-6.5.jar
Launcher Type: SUN_STANDARD

Environment Variables:
PATH=C:\Program Files\NVIDIA GPU Computing Toolkit\CUDA\v11.0\bin;C:\Program Files\NVIDIA GPU Computing Toolkit\CUDA\v11.0\libnvvp;C:\WINDOWS\system32;C:\WINDOWS;C:\WINDOWS\System32\Wbem;C:\WINDOWS\System32\WindowsPowerShell\v1.0\;C:\Program Files\Microsoft VS Code\bin;C:\Program Files\PuTTY\;C:\WINDOWS\System32\OpenSSH\;C:\Program Files (x86)\NVIDIA Corporation\PhysX\Common;C:\Program Files\NVIDIA Corporation\Nsight Compute 2020.1.2\;C:\WINDOWS\system32;C:\WINDOWS;C:\WINDOWS\System32\Wbem;C:\WINDOWS\System32\WindowsPowerShell\v1.0\;C:\WINDOWS\System32\OpenSSH\;C:\Users\f\AppData\Local\Microsoft\WindowsApps;
USERNAME=f
OS=Windows_NT
PROCESSOR_IDENTIFIER=Intel64 Family 6 Model 30 Stepping 5, GenuineIntel



---------------  S Y S T E M  ---------------

OS: Windows 10.0 , 64 bit Build 19041 (10.0.19041.546)

CPU:total 8 (initial active 8) (4 cores per cpu, 2 threads per core) family 6 model 30 stepping 5, cmov, cx8, fxsr, mmx, sse, sse2, sse3, ssse3, sse4.1, sse4.2, popcnt, ht, tsc, tscinvbit

Memory: 4k page, physical 10476780k(3674936k free), swap 10476780k(9768k free)

vm_info: OpenJDK 64-Bit Server VM (25.242-b01) for windows-amd64 JRE (1.8.0_242-release-1644-b01), built by "builder" with MS VC++ 10.0 (VS2010)

time: Tue Dec 08 00:22:46 2020
timezone: RTZ 2 (зима)
elapsed time: 673 seconds (0d 0h 11m 13s)

